<?xml version="1.0" encoding="UTF-8"?>
<!-- Generated by org.testng.reporters.JUnitReportReporter -->
<testsuite skipped="0" hostname="BLRL-5CG9191T8K" name="com.actitime.login.demo" tests="1" failures="0" timestamp="2020-06-30T10:21:03 IST" time="0.019" errors="0">
  <testcase name="run" time="0.019" classname="com.actitime.login.demo"/>
  <system-out>
I am Shilpa  </system-out>
</testsuite> <!-- com.actitime.login.demo -->
