<?xml version="1.0" encoding="UTF-8"?>
<!-- Generated by org.testng.reporters.JUnitReportReporter -->
<testsuite skipped="0" hostname="BLRL-5CG9191T8K" name="com.actitime.login.demo" tests="1" failures="0" timestamp="2020-07-04T08:56:30 IST" time="0.011" errors="0">
  <testcase name="run" time="0.011" classname="com.actitime.login.demo"/>
  <system-out>
 Shilpa  </system-out>
</testsuite> <!-- com.actitime.login.demo -->
